<?xml version="1.0" encoding="UTF-8"?>
<testng-results ignored="0" total="1" passed="1" failed="0" skipped="0">
  <reporter-output>
  </reporter-output>
  <suite started-at="2023-07-04T20:42:06 BDT" name="Default Suite" finished-at="2023-07-04T20:42:15 BDT" duration-ms="8683">
    <groups>
    </groups>
    <test started-at="2023-07-04T20:42:06 BDT" name="webautomation-selenium" finished-at="2023-07-04T20:42:15 BDT" duration-ms="8683">
      <class name="mExpanse.Pages.TestCases.RegistrationTC">
        <test-method is-config="true" signature="setupDriver()[pri:0, instance:mExpanse.Pages.TestCases.RegistrationTC@3c41ed1d]" started-at="2023-07-04T20:42:06 BDT" name="setupDriver" finished-at="2023-07-04T20:42:15 BDT" duration-ms="8318" status="PASS">
          <reporter-output>
          </reporter-output>
        </test-method> <!-- setupDriver -->
        <test-method signature="Registration()[pri:0, instance:mExpanse.Pages.TestCases.RegistrationTC@3c41ed1d]" started-at="2023-07-04T20:42:15 BDT" name="Registration" finished-at="2023-07-04T20:42:15 BDT" duration-ms="0" status="PASS">
          <reporter-output>
          </reporter-output>
        </test-method> <!-- Registration -->
        <test-method is-config="true" signature="testCaseTearDown()[pri:0, instance:mExpanse.Pages.TestCases.RegistrationTC@3c41ed1d]" started-at="2023-07-04T20:42:15 BDT" name="testCaseTearDown" finished-at="2023-07-04T20:42:15 BDT" duration-ms="352" status="PASS">
          <reporter-output>
          </reporter-output>
        </test-method> <!-- testCaseTearDown -->
      </class> <!-- mExpanse.Pages.TestCases.RegistrationTC -->
    </test> <!-- webautomation-selenium -->
  </suite> <!-- Default Suite -->
</testng-results>
